09:39:54,529  WARN PhaseInterceptorChain:452 - Interceptor for {http://localhost8181/bos_crm/webservice//customerService/customer}WebClient has thrown exception, unwinding now
org.apache.cxf.interceptor.Fault: Could not send Message.
	at org.apache.cxf.interceptor.MessageSenderInterceptor$MessageSenderEndingInterceptor.handleMessage(MessageSenderInterceptor.java:64)
	at org.apache.cxf.phase.PhaseInterceptorChain.doIntercept(PhaseInterceptorChain.java:307)
	at org.apache.cxf.jaxrs.client.AbstractClient.doRunInterceptorChain(AbstractClient.java:619)
	at org.apache.cxf.jaxrs.client.WebClient.doChainedInvocation(WebClient.java:1088)
	at org.apache.cxf.jaxrs.client.WebClient.doInvoke(WebClient.java:883)
	at org.apache.cxf.jaxrs.client.WebClient.doInvoke(WebClient.java:854)
	at org.apache.cxf.jaxrs.client.WebClient.invokeAndGetCollection(WebClient.java:513)
	at org.apache.cxf.jaxrs.client.WebClient.getCollection(WebClient.java:589)
	at com.itheima.bos.web.test.CustomerRepositoryTest.run01(CustomerRepositoryTest.java:23)
	at sun.reflect.NativeMethodAccessorImpl.invoke0(Native Method)
	at sun.reflect.NativeMethodAccessorImpl.invoke(NativeMethodAccessorImpl.java:57)
	at sun.reflect.DelegatingMethodAccessorImpl.invoke(DelegatingMethodAccessorImpl.java:43)
	at java.lang.reflect.Method.invoke(Method.java:606)
	at org.junit.runners.model.FrameworkMethod$1.runReflectiveCall(FrameworkMethod.java:47)
	at org.junit.internal.runners.model.ReflectiveCallable.run(ReflectiveCallable.java:12)
	at org.junit.runners.model.FrameworkMethod.invokeExplosively(FrameworkMethod.java:44)
	at org.junit.internal.runners.statements.InvokeMethod.evaluate(InvokeMethod.java:17)
	at org.junit.runners.ParentRunner.runLeaf(ParentRunner.java:271)
	at org.junit.runners.BlockJUnit4ClassRunner.runChild(BlockJUnit4ClassRunner.java:70)
	at org.junit.runners.BlockJUnit4ClassRunner.runChild(BlockJUnit4ClassRunner.java:50)
	at org.junit.runners.ParentRunner$3.run(ParentRunner.java:238)
	at org.junit.runners.ParentRunner$1.schedule(ParentRunner.java:63)
	at org.junit.runners.ParentRunner.runChildren(ParentRunner.java:236)
	at org.junit.runners.ParentRunner.access$000(ParentRunner.java:53)
	at org.junit.runners.ParentRunner$2.evaluate(ParentRunner.java:229)
	at org.junit.runners.ParentRunner.run(ParentRunner.java:309)
	at org.eclipse.jdt.internal.junit4.runner.JUnit4TestReference.run(JUnit4TestReference.java:86)
	at org.eclipse.jdt.internal.junit.runner.TestExecution.run(TestExecution.java:38)
	at org.eclipse.jdt.internal.junit.runner.RemoteTestRunner.runTests(RemoteTestRunner.java:459)
	at org.eclipse.jdt.internal.junit.runner.RemoteTestRunner.runTests(RemoteTestRunner.java:678)
	at org.eclipse.jdt.internal.junit.runner.RemoteTestRunner.run(RemoteTestRunner.java:382)
	at org.eclipse.jdt.internal.junit.runner.RemoteTestRunner.main(RemoteTestRunner.java:192)
Caused by: java.net.UnknownHostException: UnknownHostException invoking http://localhost8181/bos_crm/webservice/customerService/customer: localhost8181
	at sun.reflect.NativeConstructorAccessorImpl.newInstance0(Native Method)
	at sun.reflect.NativeConstructorAccessorImpl.newInstance(NativeConstructorAccessorImpl.java:57)
	at sun.reflect.DelegatingConstructorAccessorImpl.newInstance(DelegatingConstructorAccessorImpl.java:45)
	at java.lang.reflect.Constructor.newInstance(Constructor.java:526)
	at org.apache.cxf.transport.http.HTTPConduit$WrappedOutputStream.mapException(HTTPConduit.java:1359)
	at org.apache.cxf.transport.http.HTTPConduit$WrappedOutputStream.close(HTTPConduit.java:1343)
	at org.apache.cxf.transport.AbstractConduit.close(AbstractConduit.java:56)
	at org.apache.cxf.transport.http.HTTPConduit.close(HTTPConduit.java:638)
	at org.apache.cxf.interceptor.MessageSenderInterceptor$MessageSenderEndingInterceptor.handleMessage(MessageSenderInterceptor.java:62)
	... 31 more
Caused by: java.net.UnknownHostException: localhost8181
	at java.net.AbstractPlainSocketImpl.connect(AbstractPlainSocketImpl.java:178)
	at java.net.PlainSocketImpl.connect(PlainSocketImpl.java:172)
	at java.net.SocksSocketImpl.connect(SocksSocketImpl.java:392)
	at java.net.Socket.connect(Socket.java:579)
	at sun.net.NetworkClient.doConnect(NetworkClient.java:175)
	at sun.net.www.http.HttpClient.openServer(HttpClient.java:432)
	at sun.net.www.http.HttpClient.openServer(HttpClient.java:527)
	at sun.net.www.http.HttpClient.<init>(HttpClient.java:211)
	at sun.net.www.http.HttpClient.New(HttpClient.java:308)
	at sun.net.www.http.HttpClient.New(HttpClient.java:326)
	at sun.net.www.protocol.http.HttpURLConnection.getNewHttpClient(HttpURLConnection.java:996)
	at sun.net.www.protocol.http.HttpURLConnection.plainConnect(HttpURLConnection.java:932)
	at sun.net.www.protocol.http.HttpURLConnection.connect(HttpURLConnection.java:850)
	at sun.net.www.protocol.http.HttpURLConnection.getInputStream(HttpURLConnection.java:1300)
	at java.net.HttpURLConnection.getResponseCode(HttpURLConnection.java:468)
	at org.apache.cxf.transport.http.URLConnectionHTTPConduit$URLConnectionWrappedOutputStream.getResponseCode(URLConnectionHTTPConduit.java:266)
	at org.apache.cxf.transport.http.HTTPConduit$WrappedOutputStream.handleResponseInternal(HTTPConduit.java:1555)
	at org.apache.cxf.transport.http.HTTPConduit$WrappedOutputStream.handleResponse(HTTPConduit.java:1525)
	at org.apache.cxf.transport.http.HTTPConduit$WrappedOutputStream.close(HTTPConduit.java:1330)
	... 34 more
09:40:21,965  WARN PhaseInterceptorChain:452 - Interceptor for {http://localhost:8181/bos_crm/webservice//customerService/customer}WebClient has thrown exception, unwinding now
org.apache.cxf.interceptor.Fault: Could not send Message.
	at org.apache.cxf.interceptor.MessageSenderInterceptor$MessageSenderEndingInterceptor.handleMessage(MessageSenderInterceptor.java:64)
	at org.apache.cxf.phase.PhaseInterceptorChain.doIntercept(PhaseInterceptorChain.java:307)
	at org.apache.cxf.jaxrs.client.AbstractClient.doRunInterceptorChain(AbstractClient.java:619)
	at org.apache.cxf.jaxrs.client.WebClient.doChainedInvocation(WebClient.java:1088)
	at org.apache.cxf.jaxrs.client.WebClient.doInvoke(WebClient.java:883)
	at org.apache.cxf.jaxrs.client.WebClient.doInvoke(WebClient.java:854)
	at org.apache.cxf.jaxrs.client.WebClient.invokeAndGetCollection(WebClient.java:513)
	at org.apache.cxf.jaxrs.client.WebClient.getCollection(WebClient.java:589)
	at com.itheima.bos.web.test.CustomerRepositoryTest.run01(CustomerRepositoryTest.java:23)
	at sun.reflect.NativeMethodAccessorImpl.invoke0(Native Method)
	at sun.reflect.NativeMethodAccessorImpl.invoke(NativeMethodAccessorImpl.java:57)
	at sun.reflect.DelegatingMethodAccessorImpl.invoke(DelegatingMethodAccessorImpl.java:43)
	at java.lang.reflect.Method.invoke(Method.java:606)
	at org.junit.runners.model.FrameworkMethod$1.runReflectiveCall(FrameworkMethod.java:47)
	at org.junit.internal.runners.model.ReflectiveCallable.run(ReflectiveCallable.java:12)
	at org.junit.runners.model.FrameworkMethod.invokeExplosively(FrameworkMethod.java:44)
	at org.junit.internal.runners.statements.InvokeMethod.evaluate(InvokeMethod.java:17)
	at org.junit.runners.ParentRunner.runLeaf(ParentRunner.java:271)
	at org.junit.runners.BlockJUnit4ClassRunner.runChild(BlockJUnit4ClassRunner.java:70)
	at org.junit.runners.BlockJUnit4ClassRunner.runChild(BlockJUnit4ClassRunner.java:50)
	at org.junit.runners.ParentRunner$3.run(ParentRunner.java:238)
	at org.junit.runners.ParentRunner$1.schedule(ParentRunner.java:63)
	at org.junit.runners.ParentRunner.runChildren(ParentRunner.java:236)
	at org.junit.runners.ParentRunner.access$000(ParentRunner.java:53)
	at org.junit.runners.ParentRunner$2.evaluate(ParentRunner.java:229)
	at org.junit.runners.ParentRunner.run(ParentRunner.java:309)
	at org.eclipse.jdt.internal.junit4.runner.JUnit4TestReference.run(JUnit4TestReference.java:86)
	at org.eclipse.jdt.internal.junit.runner.TestExecution.run(TestExecution.java:38)
	at org.eclipse.jdt.internal.junit.runner.RemoteTestRunner.runTests(RemoteTestRunner.java:459)
	at org.eclipse.jdt.internal.junit.runner.RemoteTestRunner.runTests(RemoteTestRunner.java:678)
	at org.eclipse.jdt.internal.junit.runner.RemoteTestRunner.run(RemoteTestRunner.java:382)
	at org.eclipse.jdt.internal.junit.runner.RemoteTestRunner.main(RemoteTestRunner.java:192)
Caused by: java.net.ConnectException: ConnectException invoking http://localhost:8181/bos_crm/webservice/customerService/customer: Connection refused: connect
	at sun.reflect.NativeConstructorAccessorImpl.newInstance0(Native Method)
	at sun.reflect.NativeConstructorAccessorImpl.newInstance(NativeConstructorAccessorImpl.java:57)
	at sun.reflect.DelegatingConstructorAccessorImpl.newInstance(DelegatingConstructorAccessorImpl.java:45)
	at java.lang.reflect.Constructor.newInstance(Constructor.java:526)
	at org.apache.cxf.transport.http.HTTPConduit$WrappedOutputStream.mapException(HTTPConduit.java:1359)
	at org.apache.cxf.transport.http.HTTPConduit$WrappedOutputStream.close(HTTPConduit.java:1343)
	at org.apache.cxf.transport.AbstractConduit.close(AbstractConduit.java:56)
	at org.apache.cxf.transport.http.HTTPConduit.close(HTTPConduit.java:638)
	at org.apache.cxf.interceptor.MessageSenderInterceptor$MessageSenderEndingInterceptor.handleMessage(MessageSenderInterceptor.java:62)
	... 31 more
Caused by: java.net.ConnectException: Connection refused: connect
	at java.net.DualStackPlainSocketImpl.waitForConnect(Native Method)
	at java.net.DualStackPlainSocketImpl.socketConnect(DualStackPlainSocketImpl.java:85)
	at java.net.AbstractPlainSocketImpl.doConnect(AbstractPlainSocketImpl.java:339)
	at java.net.AbstractPlainSocketImpl.connectToAddress(AbstractPlainSocketImpl.java:200)
	at java.net.AbstractPlainSocketImpl.connect(AbstractPlainSocketImpl.java:182)
	at java.net.PlainSocketImpl.connect(PlainSocketImpl.java:172)
	at java.net.SocksSocketImpl.connect(SocksSocketImpl.java:392)
	at java.net.Socket.connect(Socket.java:579)
	at sun.net.NetworkClient.doConnect(NetworkClient.java:175)
	at sun.net.www.http.HttpClient.openServer(HttpClient.java:432)
	at sun.net.www.http.HttpClient.openServer(HttpClient.java:527)
	at sun.net.www.http.HttpClient.<init>(HttpClient.java:211)
	at sun.net.www.http.HttpClient.New(HttpClient.java:308)
	at sun.net.www.http.HttpClient.New(HttpClient.java:326)
	at sun.net.www.protocol.http.HttpURLConnection.getNewHttpClient(HttpURLConnection.java:996)
	at sun.net.www.protocol.http.HttpURLConnection.plainConnect(HttpURLConnection.java:932)
	at sun.net.www.protocol.http.HttpURLConnection.connect(HttpURLConnection.java:850)
	at sun.net.www.protocol.http.HttpURLConnection.getInputStream(HttpURLConnection.java:1300)
	at java.net.HttpURLConnection.getResponseCode(HttpURLConnection.java:468)
	at org.apache.cxf.transport.http.URLConnectionHTTPConduit$URLConnectionWrappedOutputStream.getResponseCode(URLConnectionHTTPConduit.java:266)
	at org.apache.cxf.transport.http.HTTPConduit$WrappedOutputStream.handleResponseInternal(HTTPConduit.java:1555)
	at org.apache.cxf.transport.http.HTTPConduit$WrappedOutputStream.handleResponse(HTTPConduit.java:1525)
	at org.apache.cxf.transport.http.HTTPConduit$WrappedOutputStream.close(HTTPConduit.java:1330)
	... 34 more
09:40:45,610  WARN PhaseInterceptorChain:452 - Interceptor for {http://localhost:8181/bos_crm/webservice/customerService/customer}WebClient has thrown exception, unwinding now
org.apache.cxf.interceptor.Fault: Could not send Message.
	at org.apache.cxf.interceptor.MessageSenderInterceptor$MessageSenderEndingInterceptor.handleMessage(MessageSenderInterceptor.java:64)
	at org.apache.cxf.phase.PhaseInterceptorChain.doIntercept(PhaseInterceptorChain.java:307)
	at org.apache.cxf.jaxrs.client.AbstractClient.doRunInterceptorChain(AbstractClient.java:619)
	at org.apache.cxf.jaxrs.client.WebClient.doChainedInvocation(WebClient.java:1088)
	at org.apache.cxf.jaxrs.client.WebClient.doInvoke(WebClient.java:883)
	at org.apache.cxf.jaxrs.client.WebClient.doInvoke(WebClient.java:854)
	at org.apache.cxf.jaxrs.client.WebClient.invokeAndGetCollection(WebClient.java:513)
	at org.apache.cxf.jaxrs.client.WebClient.getCollection(WebClient.java:589)
	at com.itheima.bos.web.test.CustomerRepositoryTest.run01(CustomerRepositoryTest.java:23)
	at sun.reflect.NativeMethodAccessorImpl.invoke0(Native Method)
	at sun.reflect.NativeMethodAccessorImpl.invoke(NativeMethodAccessorImpl.java:57)
	at sun.reflect.DelegatingMethodAccessorImpl.invoke(DelegatingMethodAccessorImpl.java:43)
	at java.lang.reflect.Method.invoke(Method.java:606)
	at org.junit.runners.model.FrameworkMethod$1.runReflectiveCall(FrameworkMethod.java:47)
	at org.junit.internal.runners.model.ReflectiveCallable.run(ReflectiveCallable.java:12)
	at org.junit.runners.model.FrameworkMethod.invokeExplosively(FrameworkMethod.java:44)
	at org.junit.internal.runners.statements.InvokeMethod.evaluate(InvokeMethod.java:17)
	at org.junit.runners.ParentRunner.runLeaf(ParentRunner.java:271)
	at org.junit.runners.BlockJUnit4ClassRunner.runChild(BlockJUnit4ClassRunner.java:70)
	at org.junit.runners.BlockJUnit4ClassRunner.runChild(BlockJUnit4ClassRunner.java:50)
	at org.junit.runners.ParentRunner$3.run(ParentRunner.java:238)
	at org.junit.runners.ParentRunner$1.schedule(ParentRunner.java:63)
	at org.junit.runners.ParentRunner.runChildren(ParentRunner.java:236)
	at org.junit.runners.ParentRunner.access$000(ParentRunner.java:53)
	at org.junit.runners.ParentRunner$2.evaluate(ParentRunner.java:229)
	at org.junit.runners.ParentRunner.run(ParentRunner.java:309)
	at org.eclipse.jdt.internal.junit4.runner.JUnit4TestReference.run(JUnit4TestReference.java:86)
	at org.eclipse.jdt.internal.junit.runner.TestExecution.run(TestExecution.java:38)
	at org.eclipse.jdt.internal.junit.runner.RemoteTestRunner.runTests(RemoteTestRunner.java:459)
	at org.eclipse.jdt.internal.junit.runner.RemoteTestRunner.runTests(RemoteTestRunner.java:678)
	at org.eclipse.jdt.internal.junit.runner.RemoteTestRunner.run(RemoteTestRunner.java:382)
	at org.eclipse.jdt.internal.junit.runner.RemoteTestRunner.main(RemoteTestRunner.java:192)
Caused by: java.net.ConnectException: ConnectException invoking http://localhost:8181/bos_crm/webservice/customerService/customer: Connection refused: connect
	at sun.reflect.NativeConstructorAccessorImpl.newInstance0(Native Method)
	at sun.reflect.NativeConstructorAccessorImpl.newInstance(NativeConstructorAccessorImpl.java:57)
	at sun.reflect.DelegatingConstructorAccessorImpl.newInstance(DelegatingConstructorAccessorImpl.java:45)
	at java.lang.reflect.Constructor.newInstance(Constructor.java:526)
	at org.apache.cxf.transport.http.HTTPConduit$WrappedOutputStream.mapException(HTTPConduit.java:1359)
	at org.apache.cxf.transport.http.HTTPConduit$WrappedOutputStream.close(HTTPConduit.java:1343)
	at org.apache.cxf.transport.AbstractConduit.close(AbstractConduit.java:56)
	at org.apache.cxf.transport.http.HTTPConduit.close(HTTPConduit.java:638)
	at org.apache.cxf.interceptor.MessageSenderInterceptor$MessageSenderEndingInterceptor.handleMessage(MessageSenderInterceptor.java:62)
	... 31 more
Caused by: java.net.ConnectException: Connection refused: connect
	at java.net.DualStackPlainSocketImpl.waitForConnect(Native Method)
	at java.net.DualStackPlainSocketImpl.socketConnect(DualStackPlainSocketImpl.java:85)
	at java.net.AbstractPlainSocketImpl.doConnect(AbstractPlainSocketImpl.java:339)
	at java.net.AbstractPlainSocketImpl.connectToAddress(AbstractPlainSocketImpl.java:200)
	at java.net.AbstractPlainSocketImpl.connect(AbstractPlainSocketImpl.java:182)
	at java.net.PlainSocketImpl.connect(PlainSocketImpl.java:172)
	at java.net.SocksSocketImpl.connect(SocksSocketImpl.java:392)
	at java.net.Socket.connect(Socket.java:579)
	at sun.net.NetworkClient.doConnect(NetworkClient.java:175)
	at sun.net.www.http.HttpClient.openServer(HttpClient.java:432)
	at sun.net.www.http.HttpClient.openServer(HttpClient.java:527)
	at sun.net.www.http.HttpClient.<init>(HttpClient.java:211)
	at sun.net.www.http.HttpClient.New(HttpClient.java:308)
	at sun.net.www.http.HttpClient.New(HttpClient.java:326)
	at sun.net.www.protocol.http.HttpURLConnection.getNewHttpClient(HttpURLConnection.java:996)
	at sun.net.www.protocol.http.HttpURLConnection.plainConnect(HttpURLConnection.java:932)
	at sun.net.www.protocol.http.HttpURLConnection.connect(HttpURLConnection.java:850)
	at sun.net.www.protocol.http.HttpURLConnection.getInputStream(HttpURLConnection.java:1300)
	at java.net.HttpURLConnection.getResponseCode(HttpURLConnection.java:468)
	at org.apache.cxf.transport.http.URLConnectionHTTPConduit$URLConnectionWrappedOutputStream.getResponseCode(URLConnectionHTTPConduit.java:266)
	at org.apache.cxf.transport.http.HTTPConduit$WrappedOutputStream.handleResponseInternal(HTTPConduit.java:1555)
	at org.apache.cxf.transport.http.HTTPConduit$WrappedOutputStream.handleResponse(HTTPConduit.java:1525)
	at org.apache.cxf.transport.http.HTTPConduit$WrappedOutputStream.close(HTTPConduit.java:1330)
	... 34 more
10:34:17,868 ERROR JAXRSUtils:1770 - No message body reader has been found for class java.util.Collection, ContentType: application/json
10:35:50,444 ERROR JAXRSUtils:1770 - No message body reader has been found for class java.util.Collection, ContentType: application/xml
10:45:32,157 ERROR JAXRSUtils:1770 - No message body reader has been found for class java.util.Collection, ContentType: application/xml
10:46:21,230 ERROR JAXRSUtils:1770 - No message body reader has been found for class java.util.Collection, ContentType: application/json
10:48:27,560 ERROR JAXRSUtils:1770 - No message body reader has been found for class java.util.Collection, ContentType: application/json
10:52:20,749 ERROR JAXRSUtils:1770 - No message body reader has been found for class java.util.Collection, ContentType: application/json
10:59:36,450 ERROR JAXRSUtils:1770 - No message body reader has been found for class java.util.Collection, ContentType: application/json
